{"/Users/mak/Documents/code/test/js/node/nodejs/index.coffee":{"path":"/Users/mak/Documents/code/test/js/node/nodejs/index.coffee","s":{"1":0},"b":{},"f":{},"fnMap":{},"statementMap":{"1":{"start":{"line":1,"column":0},"end":{"line":1,"column":14}}},"branchMap":{}},"/Users/mak/Documents/code/test/js/node/nodejs/lib/index.coffee":{"path":"/Users/mak/Documents/code/test/js/node/nodejs/lib/index.coffee","s":{"1":0,"2":0,"3":0,"4":0,"5":0,"6":0,"7":0},"b":{},"f":{},"fnMap":{},"statementMap":{"1":{"start":{"line":3,"column":0},"end":{"line":4,"column":32}},"2":{"start":{"line":6,"column":0},"end":{"line":6,"column":38}},"3":{"start":{"line":6,"column":12},"end":{"line":6,"column":37}},"4":{"start":{"line":6,"column":23},"end":{"line":6,"column":36}},"5":{"start":{"line":7,"column":0},"end":{"line":7,"column":33}},"6":{"start":{"line":7,"column":12},"end":{"line":7,"column":32}},"7":{"start":{"line":7,"column":23},"end":{"line":7,"column":31}}},"branchMap":{}},"/Users/mak/Documents/code/test/js/node/nodejs/lib/modules/calc.coffee":{"path":"/Users/mak/Documents/code/test/js/node/nodejs/lib/modules/calc.coffee","s":{"1":1,"2":1,"3":1,"4":1,"5":3},"b":{},"f":{"1":1,"2":1,"3":1,"4":1,"5":3},"fnMap":{"1":{"name":"Calc","line":3,"loc":{"start":{"line":3,"column":23},"end":{"line":3,"column":26}}},"2":{"name":"add","line":4,"loc":{"start":{"line":4,"column":2},"end":{"line":4,"column":15}}},"3":{"name":"sub","line":5,"loc":{"start":{"line":5,"column":2},"end":{"line":5,"column":15}}},"4":{"name":"mul","line":6,"loc":{"start":{"line":6,"column":2},"end":{"line":6,"column":15}}},"5":{"name":"div","line":7,"loc":{"start":{"line":7,"column":2},"end":{"line":7,"column":15}}}},"statementMap":{"1":{"start":{"line":3,"column":0},"end":{"line":7,"column":22}},"2":{"start":{"line":4,"column":17},"end":{"line":4,"column":21}},"3":{"start":{"line":5,"column":17},"end":{"line":5,"column":21}},"4":{"start":{"line":6,"column":17},"end":{"line":6,"column":21}},"5":{"start":{"line":7,"column":17},"end":{"line":7,"column":21}}},"branchMap":{}}}