TN:
SF:/Users/mak/Documents/code/test/js/node/nodejs/index.coffee
FNF:0
FNH:0
DA:1,0
LF:1
LH:0
BRF:0
BRH:0
end_of_record
TN:
SF:/Users/mak/Documents/code/test/js/node/nodejs/lib/index.coffee
FNF:0
FNH:0
DA:3,0
DA:6,0
DA:7,0
LF:3
LH:0
BRF:0
BRH:0
end_of_record
TN:
SF:/Users/mak/Documents/code/test/js/node/nodejs/lib/modules/calc.coffee
FN:3,Calc
FN:4,add
FN:5,sub
FN:6,mul
FN:7,div
FNF:5
FNH:5
FNDA:1,Calc
FNDA:1,add
FNDA:1,sub
FNDA:1,mul
FNDA:3,div
DA:3,1
DA:4,1
DA:5,1
DA:6,1
DA:7,3
LF:5
LH:5
BRF:0
BRH:0
end_of_record
